# JRE version: Java(TM) SE Runtime Environment (8.0_211-b12) (build 1.8.0_211-b12)
# Java VM: Java HotSpot(TM) 64-Bit Server VM (25.211-b12 mixed mode windows-amd64 compressed oops)
Heap:
 PSYoungGen      total 157184K, used 49602K [0x00000000f5580000, 0x0000000100000000, 0x0000000100000000)
  eden space 140800K, 23% used [0x00000000f5580000,0x00000000f7639a10,0x00000000fdf00000)
  from space 16384K, 98% used [0x00000000fdf00000,0x00000000feeb6f78,0x00000000fef00000)
  to   space 17408K, 0% used [0x00000000fef00000,0x00000000fef00000,0x0000000100000000)
 ParOldGen       total 175104K, used 33243K [0x00000000e0000000, 0x00000000eab00000, 0x00000000f5580000)
  object space 175104K, 18% used [0x00000000e0000000,0x00000000e2076fe0,0x00000000eab00000)
 Metaspace       used 68327K, capacity 70256K, committed 70424K, reserved 1110016K
  class space    used 9200K, capacity 9718K, committed 9768K, reserved 1048576K
GC Heap History (10 events):
Event: 173.662 GC heap before
{Heap before GC invocations=10 (full 2):
 PSYoungGen      total 76800K, used 69626K [0x00000000f5580000, 0x00000000fda00000, 0x0000000100000000)
  eden space 64000K, 100% used [0x00000000f5580000,0x00000000f9400000,0x00000000f9400000)
  from space 12800K, 43% used [0x00000000f9400000,0x00000000f997eaa8,0x00000000fa080000)
  to   space 12800K, 0% used [0x00000000fcd80000,0x00000000fcd80000,0x00000000fda00000)
 ParOldGen       total 175104K, used 16834K [0x00000000e0000000, 0x00000000eab00000, 0x00000000f5580000)
  object space 175104K, 9% used [0x00000000e0000000,0x00000000e1070be8,0x00000000eab00000)
 Metaspace       used 45635K, capacity 46690K, committed 47016K, reserved 1089536K
  class space    used 6125K, capacity 6450K, committed 6568K, reserved 1048576K
Event: 173.703 GC heap after
Heap after GC invocations=10 (full 2):
 PSYoungGen      total 121856K, used 10224K [0x00000000f5580000, 0x00000000fda00000, 0x0000000100000000)
  eden space 109056K, 0% used [0x00000000f5580000,0x00000000f5580000,0x00000000fc000000)
  from space 12800K, 79% used [0x00000000fcd80000,0x00000000fd77c208,0x00000000fda00000)
  to   space 13312K, 0% used [0x00000000fc000000,0x00000000fc000000,0x00000000fcd00000)
 ParOldGen       total 175104K, used 16842K [0x00000000e0000000, 0x00000000eab00000, 0x00000000f5580000)
  object space 175104K, 9% used [0x00000000e0000000,0x00000000e1072be8,0x00000000eab00000)
 Metaspace       used 45635K, capacity 46690K, committed 47016K, reserved 1089536K
  class space    used 6125K, capacity 6450K, committed 6568K, reserved 1048576K
}
Event: 181.234 GC heap before
{Heap before GC invocations=11 (full 2):
 PSYoungGen      total 121856K, used 119280K [0x00000000f5580000, 0x00000000fda00000, 0x0000000100000000)
  eden space 109056K, 100% used [0x00000000f5580000,0x00000000fc000000,0x00000000fc000000)
  from space 12800K, 79% used [0x00000000fcd80000,0x00000000fd77c208,0x00000000fda00000)
  to   space 13312K, 0% used [0x00000000fc000000,0x00000000fc000000,0x00000000fcd00000)
 ParOldGen       total 175104K, used 16842K [0x00000000e0000000, 0x00000000eab00000, 0x00000000f5580000)
  object space 175104K, 9% used [0x00000000e0000000,0x00000000e1072be8,0x00000000eab00000)
 Metaspace       used 50113K, capacity 51326K, committed 51496K, reserved 1093632K
  class space    used 6705K, capacity 7088K, committed 7208K, reserved 1048576K
Event: 181.284 GC heap after
Heap after GC invocations=11 (full 2):
 PSYoungGen      total 122368K, used 13307K [0x00000000f5580000, 0x0000000100000000, 0x0000000100000000)
  eden space 109056K, 0% used [0x00000000f5580000,0x00000000f5580000,0x00000000fc000000)
  from space 13312K, 99% used [0x00000000fc000000,0x00000000fccfed68,0x00000000fcd00000)
  to   space 15872K, 0% used [0x00000000ff080000,0x00000000ff080000,0x0000000100000000)
 ParOldGen       total 175104K, used 20262K [0x00000000e0000000, 0x00000000eab00000, 0x00000000f5580000)
  object space 175104K, 11% used [0x00000000e0000000,0x00000000e13c9b90,0x00000000eab00000)
 Metaspace       used 50113K, capacity 51326K, committed 51496K, reserved 1093632K
  class space    used 6705K, capacity 7088K, committed 7208K, reserved 1048576K
}
Event: 185.118 GC heap before
{Heap before GC invocations=12 (full 2):
 PSYoungGen      total 122368K, used 97646K [0x00000000f5580000, 0x0000000100000000, 0x0000000100000000)
  eden space 109056K, 77% used [0x00000000f5580000,0x00000000fa7dcdb0,0x00000000fc000000)
  from space 13312K, 99% used [0x00000000fc000000,0x00000000fccfed68,0x00000000fcd00000)
  to   space 15872K, 0% used [0x00000000ff080000,0x00000000ff080000,0x0000000100000000)
 ParOldGen       total 175104K, used 20262K [0x00000000e0000000, 0x00000000eab00000, 0x00000000f5580000)
  object space 175104K, 11% used [0x00000000e0000000,0x00000000e13c9b90,0x00000000eab00000)
 Metaspace       used 57512K, capacity 59002K, committed 59160K, reserved 1099776K
  class space    used 7680K, capacity 8130K, committed 8232K, reserved 1048576K
Event: 185.146 GC heap after
Heap after GC invocations=12 (full 2):
 PSYoungGen      total 156672K, used 14480K [0x00000000f5580000, 0x0000000100000000, 0x0000000100000000)
  eden space 140800K, 0% used [0x00000000f5580000,0x00000000f5580000,0x00000000fdf00000)
  from space 15872K, 91% used [0x00000000ff080000,0x00000000ffea43a0,0x0000000100000000)
  to   space 16896K, 0% used [0x00000000fdf00000,0x00000000fdf00000,0x00000000fef80000)
 ParOldGen       total 175104K, used 25216K [0x00000000e0000000, 0x00000000eab00000, 0x00000000f5580000)
  object space 175104K, 14% used [0x00000000e0000000,0x00000000e18a0270,0x00000000eab00000)
 Metaspace       used 57512K, capacity 59002K, committed 59160K, reserved 1099776K
  class space    used 7680K, capacity 8130K, committed 8232K, reserved 1048576K
}
Event: 185.146 GC heap before
{Heap before GC invocations=13 (full 3):
 PSYoungGen      total 156672K, used 14480K [0x00000000f5580000, 0x0000000100000000, 0x0000000100000000)
  eden space 140800K, 0% used [0x00000000f5580000,0x00000000f5580000,0x00000000fdf00000)
  from space 15872K, 91% used [0x00000000ff080000,0x00000000ffea43a0,0x0000000100000000)
  to   space 16896K, 0% used [0x00000000fdf00000,0x00000000fdf00000,0x00000000fef80000)
 ParOldGen       total 175104K, used 25216K [0x00000000e0000000, 0x00000000eab00000, 0x00000000f5580000)
  object space 175104K, 14% used [0x00000000e0000000,0x00000000e18a0270,0x00000000eab00000)
 Metaspace       used 57512K, capacity 59002K, committed 59160K, reserved 1099776K
  class space    used 7680K, capacity 8130K, committed 8232K, reserved 1048576K
Event: 185.769 GC heap after
Heap after GC invocations=13 (full 3):
 PSYoungGen      total 156672K, used 0K [0x00000000f5580000, 0x0000000100000000, 0x0000000100000000)
  eden space 140800K, 0% used [0x00000000f5580000,0x00000000f5580000,0x00000000fdf00000)
  from space 15872K, 0% used [0x00000000ff080000,0x00000000ff080000,0x0000000100000000)
  to   space 16896K, 0% used [0x00000000fdf00000,0x00000000fdf00000,0x00000000fef80000)
 ParOldGen       total 175104K, used 33235K [0x00000000e0000000, 0x00000000eab00000, 0x00000000f5580000)
  object space 175104K, 18% used [0x00000000e0000000,0x00000000e2074fe0,0x00000000eab00000)
 Metaspace       used 57432K, capacity 58840K, committed 59160K, reserved 1099776K
  class space    used 7660K, capacity 8083K, committed 8232K, reserved 1048576K
}
Event: 194.115 GC heap before
{Heap before GC invocations=14 (full 3):
 PSYoungGen      total 156672K, used 140800K [0x00000000f5580000, 0x0000000100000000, 0x0000000100000000)
  eden space 140800K, 100% used [0x00000000f5580000,0x00000000fdf00000,0x00000000fdf00000)
  from space 15872K, 0% used [0x00000000ff080000,0x00000000ff080000,0x0000000100000000)
  to   space 16896K, 0% used [0x00000000fdf00000,0x00000000fdf00000,0x00000000fef80000)
 ParOldGen       total 175104K, used 33235K [0x00000000e0000000, 0x00000000eab00000, 0x00000000f5580000)
  object space 175104K, 18% used [0x00000000e0000000,0x00000000e2074fe0,0x00000000eab00000)
 Metaspace       used 66033K, capacity 67792K, committed 68120K, reserved 1107968K
  class space    used 8947K, capacity 9466K, committed 9512K, reserved 1048576K
Event: 194.259 GC heap after
Heap after GC invocations=14 (full 3):
 PSYoungGen      total 157184K, used 16091K [0x00000000f5580000, 0x0000000100000000, 0x0000000100000000)
  eden space 140800K, 0% used [0x00000000f5580000,0x00000000f5580000,0x00000000fdf00000)
  from space 16384K, 98% used [0x00000000fdf00000,0x00000000feeb6f78,0x00000000fef00000)
  to   space 17408K, 0% used [0x00000000fef00000,0x00000000fef00000,0x0000000100000000)
 ParOldGen       total 175104K, used 33243K [0x00000000e0000000, 0x00000000eab00000, 0x00000000f5580000)
  object space 175104K, 18% used [0x00000000e0000000,0x00000000e2076fe0,0x00000000eab00000)
 Metaspace       used 66033K, capacity 67792K, committed 68120K, reserved 1107968K
  class space    used 8947K, capacity 9466K, committed 9512K, reserved 1048576K
}

